<?xml version="1.0" encoding="UTF-8"?>
<robot generator="Robot 6.1.1 (Python 3.10.12 on linux)" generated="20231114 18:37:11.626" rpa="false" schemaversion="4">
<suite id="s1" name="Tests" source="/home/gemini/ohtu-palautus/viikko3/web-login/src/tests">
<suite id="s1-s1" name="Home" source="/home/gemini/ohtu-palautus/viikko3/web-login/src/tests/home.robot">
<kw name="Open And Configure Browser" library="resource" type="SETUP">
<kw name="Open Browser" library="SeleniumLibrary">
<arg>browser=${BROWSER}</arg>
<doc>Opens a new browser instance to the optional ``url``.</doc>
<msg timestamp="20231114 18:37:11.753" level="INFO">Opening browser 'chrome' to base url 'None'.</msg>
<status status="PASS" starttime="20231114 18:37:11.753" endtime="20231114 18:37:12.571"/>
</kw>
<kw name="Maximize Browser Window" library="SeleniumLibrary">
<doc>Maximizes current browser window.</doc>
<status status="PASS" starttime="20231114 18:37:12.571" endtime="20231114 18:37:12.719"/>
</kw>
<kw name="Set Selenium Speed" library="SeleniumLibrary">
<arg>${DELAY}</arg>
<doc>Sets the delay that is waited after each Selenium command.</doc>
<status status="PASS" starttime="20231114 18:37:12.719" endtime="20231114 18:37:12.719"/>
</kw>
<status status="PASS" starttime="20231114 18:37:11.753" endtime="20231114 18:37:12.719"/>
</kw>
<test id="s1-s1-t1" name="Click Login Link" line="8">
<kw name="Go To Main Page" library="resource" type="SETUP">
<kw name="Go To" library="SeleniumLibrary">
<arg>${HOME URL}</arg>
<doc>Navigates the current browser window to the provided ``url``.</doc>
<msg timestamp="20231114 18:37:12.721" level="INFO">Opening url 'http://localhost:5001'</msg>
<status status="PASS" starttime="20231114 18:37:12.721" endtime="20231114 18:37:13.254"/>
</kw>
<status status="PASS" starttime="20231114 18:37:12.720" endtime="20231114 18:37:13.255"/>
</kw>
<kw name="Click Link" library="SeleniumLibrary">
<arg>Login</arg>
<doc>Clicks a link identified by ``locator``.</doc>
<msg timestamp="20231114 18:37:13.255" level="INFO">Clicking link 'Login'.</msg>
<status status="PASS" starttime="20231114 18:37:13.255" endtime="20231114 18:37:14.818"/>
</kw>
<kw name="Login Page Should Be Open" library="resource">
<kw name="Title Should Be" library="SeleniumLibrary">
<arg>Login</arg>
<doc>Verifies that the current page title equals ``title``.</doc>
<msg timestamp="20231114 18:37:15.324" level="INFO">Page title is 'Login'.</msg>
<status status="PASS" starttime="20231114 18:37:14.818" endtime="20231114 18:37:15.324"/>
</kw>
<status status="PASS" starttime="20231114 18:37:14.818" endtime="20231114 18:37:15.324"/>
</kw>
<status status="PASS" starttime="20231114 18:37:12.720" endtime="20231114 18:37:15.325"/>
</test>
<test id="s1-s1-t2" name="Click Register Link" line="12">
<kw name="Go To Main Page" library="resource" type="SETUP">
<kw name="Go To" library="SeleniumLibrary">
<arg>${HOME URL}</arg>
<doc>Navigates the current browser window to the provided ``url``.</doc>
<msg timestamp="20231114 18:37:15.326" level="INFO">Opening url 'http://localhost:5001'</msg>
<status status="PASS" starttime="20231114 18:37:15.326" endtime="20231114 18:37:15.841"/>
</kw>
<status status="PASS" starttime="20231114 18:37:15.325" endtime="20231114 18:37:15.841"/>
</kw>
<kw name="Click Link" library="SeleniumLibrary">
<arg>Register new user</arg>
<doc>Clicks a link identified by ``locator``.</doc>
<msg timestamp="20231114 18:37:15.841" level="INFO">Clicking link 'Register new user'.</msg>
<status status="PASS" starttime="20231114 18:37:15.841" endtime="20231114 18:37:17.398"/>
</kw>
<kw name="Register Page Should Be Open" library="resource">
<kw name="Title Should Be" library="SeleniumLibrary">
<arg>Register</arg>
<doc>Verifies that the current page title equals ``title``.</doc>
<msg timestamp="20231114 18:37:17.904" level="INFO">Page title is 'Register'.</msg>
<status status="PASS" starttime="20231114 18:37:17.399" endtime="20231114 18:37:17.905"/>
</kw>
<status status="PASS" starttime="20231114 18:37:17.398" endtime="20231114 18:37:17.905"/>
</kw>
<status status="PASS" starttime="20231114 18:37:15.325" endtime="20231114 18:37:17.905"/>
</test>
<kw name="Close Browser" library="SeleniumLibrary" type="TEARDOWN">
<doc>Closes the current browser.</doc>
<status status="PASS" starttime="20231114 18:37:17.906" endtime="20231114 18:37:18.512"/>
</kw>
<status status="PASS" starttime="20231114 18:37:11.640" endtime="20231114 18:37:18.512"/>
</suite>
<suite id="s1-s2" name="Login" source="/home/gemini/ohtu-palautus/viikko3/web-login/src/tests/login.robot">
<kw name="Open And Configure Browser" library="resource" type="SETUP">
<kw name="Open Browser" library="SeleniumLibrary">
<arg>browser=${BROWSER}</arg>
<doc>Opens a new browser instance to the optional ``url``.</doc>
<msg timestamp="20231114 18:37:18.516" level="INFO">Opening browser 'chrome' to base url 'None'.</msg>
<status status="PASS" starttime="20231114 18:37:18.516" endtime="20231114 18:37:19.338"/>
</kw>
<kw name="Maximize Browser Window" library="SeleniumLibrary">
<doc>Maximizes current browser window.</doc>
<status status="PASS" starttime="20231114 18:37:19.338" endtime="20231114 18:37:20.011"/>
</kw>
<kw name="Set Selenium Speed" library="SeleniumLibrary">
<arg>${DELAY}</arg>
<doc>Sets the delay that is waited after each Selenium command.</doc>
<status status="PASS" starttime="20231114 18:37:20.011" endtime="20231114 18:37:20.011"/>
</kw>
<status status="PASS" starttime="20231114 18:37:18.516" endtime="20231114 18:37:20.011"/>
</kw>
<test id="s1-s2-t1" name="Login With Correct Credentials" line="8">
<kw name="Create User And Go To Login Page" type="SETUP">
<kw name="Create User" library="AppLibrary">
<arg>kalle</arg>
<arg>kalle123</arg>
<status status="PASS" starttime="20231114 18:37:20.012" endtime="20231114 18:37:20.018"/>
</kw>
<kw name="Go To Login Page" library="resource">
<kw name="Go To" library="SeleniumLibrary">
<arg>${LOGIN URL}</arg>
<doc>Navigates the current browser window to the provided ``url``.</doc>
<msg timestamp="20231114 18:37:20.018" level="INFO">Opening url 'http://localhost:5001/login'</msg>
<status status="PASS" starttime="20231114 18:37:20.018" endtime="20231114 18:37:20.548"/>
</kw>
<status status="PASS" starttime="20231114 18:37:20.018" endtime="20231114 18:37:20.548"/>
</kw>
<kw name="Login Page Should Be Open" library="resource">
<kw name="Title Should Be" library="SeleniumLibrary">
<arg>Login</arg>
<doc>Verifies that the current page title equals ``title``.</doc>
<msg timestamp="20231114 18:37:21.054" level="INFO">Page title is 'Login'.</msg>
<status status="PASS" starttime="20231114 18:37:20.548" endtime="20231114 18:37:21.054"/>
</kw>
<status status="PASS" starttime="20231114 18:37:20.548" endtime="20231114 18:37:21.054"/>
</kw>
<status status="PASS" starttime="20231114 18:37:20.012" endtime="20231114 18:37:21.054"/>
</kw>
<kw name="Set Username">
<arg>kalle</arg>
<kw name="Input Text" library="SeleniumLibrary">
<arg>username</arg>
<arg>${username}</arg>
<doc>Types the given ``text`` into the text field identified by ``locator``.</doc>
<msg timestamp="20231114 18:37:21.055" level="INFO">Typing text 'kalle' into text field 'username'.</msg>
<status status="PASS" starttime="20231114 18:37:21.054" endtime="20231114 18:37:22.636"/>
</kw>
<status status="PASS" starttime="20231114 18:37:21.054" endtime="20231114 18:37:22.636"/>
</kw>
<kw name="Set Password">
<arg>kalle123</arg>
<kw name="Input Password" library="SeleniumLibrary">
<arg>password</arg>
<arg>${password}</arg>
<doc>Types the given password into the text field identified by ``locator``.</doc>
<msg timestamp="20231114 18:37:22.638" level="INFO">Typing password into text field 'password'.</msg>
<msg timestamp="20231114 18:37:23.670" level="INFO">Temporally setting log level to: NONE</msg>
<msg timestamp="20231114 18:37:24.207" level="INFO">Log level changed from NONE to INFO.</msg>
<status status="PASS" starttime="20231114 18:37:22.637" endtime="20231114 18:37:24.207"/>
</kw>
<status status="PASS" starttime="20231114 18:37:22.637" endtime="20231114 18:37:24.207"/>
</kw>
<kw name="Submit Credentials">
<kw name="Click Button" library="SeleniumLibrary">
<arg>Login</arg>
<doc>Clicks the button identified by ``locator``.</doc>
<msg timestamp="20231114 18:37:24.208" level="INFO">Clicking button 'Login'.</msg>
<status status="PASS" starttime="20231114 18:37:24.208" endtime="20231114 18:37:26.272"/>
</kw>
<status status="PASS" starttime="20231114 18:37:24.207" endtime="20231114 18:37:26.272"/>
</kw>
<kw name="Login Should Succeed">
<kw name="Main Page Should Be Open" library="resource">
<kw name="Title Should Be" library="SeleniumLibrary">
<arg>Ohtu Application main page</arg>
<doc>Verifies that the current page title equals ``title``.</doc>
<msg timestamp="20231114 18:37:26.779" level="INFO">Page title is 'Ohtu Application main page'.</msg>
<status status="PASS" starttime="20231114 18:37:26.273" endtime="20231114 18:37:26.779"/>
</kw>
<status status="PASS" starttime="20231114 18:37:26.273" endtime="20231114 18:37:26.779"/>
</kw>
<status status="PASS" starttime="20231114 18:37:26.273" endtime="20231114 18:37:26.779"/>
</kw>
<status status="PASS" starttime="20231114 18:37:20.011" endtime="20231114 18:37:26.779"/>
</test>
<test id="s1-s2-t2" name="Login With Incorrect Password" line="14">
<kw name="Create User And Go To Login Page" type="SETUP">
<kw name="Create User" library="AppLibrary">
<arg>kalle</arg>
<arg>kalle123</arg>
<status status="PASS" starttime="20231114 18:37:26.780" endtime="20231114 18:37:26.786"/>
</kw>
<kw name="Go To Login Page" library="resource">
<kw name="Go To" library="SeleniumLibrary">
<arg>${LOGIN URL}</arg>
<doc>Navigates the current browser window to the provided ``url``.</doc>
<msg timestamp="20231114 18:37:26.786" level="INFO">Opening url 'http://localhost:5001/login'</msg>
<status status="PASS" starttime="20231114 18:37:26.786" endtime="20231114 18:37:27.302"/>
</kw>
<status status="PASS" starttime="20231114 18:37:26.786" endtime="20231114 18:37:27.302"/>
</kw>
<kw name="Login Page Should Be Open" library="resource">
<kw name="Title Should Be" library="SeleniumLibrary">
<arg>Login</arg>
<doc>Verifies that the current page title equals ``title``.</doc>
<msg timestamp="20231114 18:37:27.809" level="INFO">Page title is 'Login'.</msg>
<status status="PASS" starttime="20231114 18:37:27.303" endtime="20231114 18:37:27.809"/>
</kw>
<status status="PASS" starttime="20231114 18:37:27.302" endtime="20231114 18:37:27.809"/>
</kw>
<status status="PASS" starttime="20231114 18:37:26.780" endtime="20231114 18:37:27.809"/>
</kw>
<kw name="Set Username">
<arg>kalle</arg>
<kw name="Input Text" library="SeleniumLibrary">
<arg>username</arg>
<arg>${username}</arg>
<doc>Types the given ``text`` into the text field identified by ``locator``.</doc>
<msg timestamp="20231114 18:37:27.810" level="INFO">Typing text 'kalle' into text field 'username'.</msg>
<status status="PASS" starttime="20231114 18:37:27.810" endtime="20231114 18:37:29.377"/>
</kw>
<status status="PASS" starttime="20231114 18:37:27.809" endtime="20231114 18:37:29.377"/>
</kw>
<kw name="Set Password">
<arg>kalle456</arg>
<kw name="Input Password" library="SeleniumLibrary">
<arg>password</arg>
<arg>${password}</arg>
<doc>Types the given password into the text field identified by ``locator``.</doc>
<msg timestamp="20231114 18:37:29.378" level="INFO">Typing password into text field 'password'.</msg>
<msg timestamp="20231114 18:37:30.408" level="INFO">Temporally setting log level to: NONE</msg>
<msg timestamp="20231114 18:37:30.945" level="INFO">Log level changed from NONE to INFO.</msg>
<status status="PASS" starttime="20231114 18:37:29.378" endtime="20231114 18:37:30.945"/>
</kw>
<status status="PASS" starttime="20231114 18:37:29.377" endtime="20231114 18:37:30.945"/>
</kw>
<kw name="Submit Credentials">
<kw name="Click Button" library="SeleniumLibrary">
<arg>Login</arg>
<doc>Clicks the button identified by ``locator``.</doc>
<msg timestamp="20231114 18:37:30.946" level="INFO">Clicking button 'Login'.</msg>
<status status="PASS" starttime="20231114 18:37:30.945" endtime="20231114 18:37:33.004"/>
</kw>
<status status="PASS" starttime="20231114 18:37:30.945" endtime="20231114 18:37:33.004"/>
</kw>
<kw name="Login Should Fail With Message">
<arg>Invalid username or password</arg>
<kw name="Login Page Should Be Open" library="resource">
<kw name="Title Should Be" library="SeleniumLibrary">
<arg>Login</arg>
<doc>Verifies that the current page title equals ``title``.</doc>
<msg timestamp="20231114 18:37:33.510" level="INFO">Page title is 'Login'.</msg>
<status status="PASS" starttime="20231114 18:37:33.005" endtime="20231114 18:37:33.510"/>
</kw>
<status status="PASS" starttime="20231114 18:37:33.005" endtime="20231114 18:37:33.510"/>
</kw>
<kw name="Page Should Contain" library="SeleniumLibrary">
<arg>${message}</arg>
<doc>Verifies that current page contains ``text``.</doc>
<msg timestamp="20231114 18:37:34.524" level="INFO">Current page contains text 'Invalid username or password'.</msg>
<status status="PASS" starttime="20231114 18:37:33.510" endtime="20231114 18:37:34.524"/>
</kw>
<status status="PASS" starttime="20231114 18:37:33.005" endtime="20231114 18:37:34.524"/>
</kw>
<status status="PASS" starttime="20231114 18:37:26.779" endtime="20231114 18:37:34.524"/>
</test>
<kw name="Close Browser" library="SeleniumLibrary" type="TEARDOWN">
<doc>Closes the current browser.</doc>
<status status="PASS" starttime="20231114 18:37:34.525" endtime="20231114 18:37:35.080"/>
</kw>
<status status="PASS" starttime="20231114 18:37:18.513" endtime="20231114 18:37:35.080"/>
</suite>
<status status="PASS" starttime="20231114 18:37:11.626" endtime="20231114 18:37:35.081"/>
</suite>
<statistics>
<total>
<stat pass="4" fail="0" skip="0">All Tests</stat>
</total>
<tag>
</tag>
<suite>
<stat pass="4" fail="0" skip="0" id="s1" name="Tests">Tests</stat>
<stat pass="2" fail="0" skip="0" id="s1-s1" name="Home">Tests.Home</stat>
<stat pass="2" fail="0" skip="0" id="s1-s2" name="Login">Tests.Login</stat>
</suite>
</statistics>
<errors>
</errors>
</robot>
