<?xml version="1.0" encoding="UTF-8"?>
<robot generator="Robot 6.1.1 (Python 3.10.12 on linux)" generated="20231114 20:10:32.298" rpa="false" schemaversion="4">
<suite id="s1" name="Tests" source="/home/gemini/ohtu-palautus/viikko3/web-login/src/tests">
<suite id="s1-s1" name="Home" source="/home/gemini/ohtu-palautus/viikko3/web-login/src/tests/home.robot">
<kw name="Open And Configure Browser" library="resource" type="SETUP">
<kw name="Evaluate" library="BuiltIn">
<var>${options}</var>
<arg>sys.modules['selenium.webdriver'].ChromeOptions()</arg>
<arg>sys</arg>
<doc>Evaluates the given expression in Python and returns the result.</doc>
<msg timestamp="20231114 20:10:32.431" level="INFO">${options} = &lt;selenium.webdriver.chrome.options.Options object at 0x7f81edce8940&gt;</msg>
<status status="PASS" starttime="20231114 20:10:32.431" endtime="20231114 20:10:32.431"/>
</kw>
<kw name="Call Method" library="BuiltIn">
<arg>${options}</arg>
<arg>add_argument</arg>
<arg>--no-sandbox</arg>
<doc>Calls the named method of the given object with the provided arguments.</doc>
<status status="PASS" starttime="20231114 20:10:32.431" endtime="20231114 20:10:32.431"/>
</kw>
<kw name="Call Method" library="BuiltIn">
<arg>${options}</arg>
<arg>add_argument</arg>
<arg>--headless</arg>
<doc>Calls the named method of the given object with the provided arguments.</doc>
<status status="PASS" starttime="20231114 20:10:32.432" endtime="20231114 20:10:32.432"/>
</kw>
<kw name="Open Browser" library="SeleniumLibrary">
<arg>browser=chrome</arg>
<arg>options=${options}</arg>
<doc>Opens a new browser instance to the optional ``url``.</doc>
<msg timestamp="20231114 20:10:32.432" level="INFO">Opening browser 'chrome' to base url 'None'.</msg>
<status status="PASS" starttime="20231114 20:10:32.432" endtime="20231114 20:10:33.054"/>
</kw>
<kw name="Set Selenium Speed" library="SeleniumLibrary">
<arg>${DELAY}</arg>
<doc>Sets the delay that is waited after each Selenium command.</doc>
<status status="PASS" starttime="20231114 20:10:33.054" endtime="20231114 20:10:33.054"/>
</kw>
<status status="PASS" starttime="20231114 20:10:32.431" endtime="20231114 20:10:33.054"/>
</kw>
<test id="s1-s1-t1" name="Click Login Link" line="8">
<kw name="Go To Main Page" library="resource" type="SETUP">
<kw name="Go To" library="SeleniumLibrary">
<arg>${HOME URL}</arg>
<doc>Navigates the current browser window to the provided ``url``.</doc>
<msg timestamp="20231114 20:10:33.055" level="INFO">Opening url 'http://localhost:5001'</msg>
<status status="PASS" starttime="20231114 20:10:33.055" endtime="20231114 20:10:33.123"/>
</kw>
<status status="PASS" starttime="20231114 20:10:33.055" endtime="20231114 20:10:33.123"/>
</kw>
<kw name="Click Link" library="SeleniumLibrary">
<arg>Login</arg>
<doc>Clicks a link identified by ``locator``.</doc>
<msg timestamp="20231114 20:10:33.124" level="INFO">Clicking link 'Login'.</msg>
<status status="PASS" starttime="20231114 20:10:33.123" endtime="20231114 20:10:33.174"/>
</kw>
<kw name="Login Page Should Be Open" library="resource">
<kw name="Title Should Be" library="SeleniumLibrary">
<arg>Login</arg>
<doc>Verifies that the current page title equals ``title``.</doc>
<msg timestamp="20231114 20:10:33.179" level="INFO">Page title is 'Login'.</msg>
<status status="PASS" starttime="20231114 20:10:33.174" endtime="20231114 20:10:33.179"/>
</kw>
<status status="PASS" starttime="20231114 20:10:33.174" endtime="20231114 20:10:33.179"/>
</kw>
<status status="PASS" starttime="20231114 20:10:33.054" endtime="20231114 20:10:33.179"/>
</test>
<test id="s1-s1-t2" name="Click Register Link" line="12">
<kw name="Go To Main Page" library="resource" type="SETUP">
<kw name="Go To" library="SeleniumLibrary">
<arg>${HOME URL}</arg>
<doc>Navigates the current browser window to the provided ``url``.</doc>
<msg timestamp="20231114 20:10:33.180" level="INFO">Opening url 'http://localhost:5001'</msg>
<status status="PASS" starttime="20231114 20:10:33.180" endtime="20231114 20:10:33.188"/>
</kw>
<status status="PASS" starttime="20231114 20:10:33.180" endtime="20231114 20:10:33.188"/>
</kw>
<kw name="Click Link" library="SeleniumLibrary">
<arg>Register new user</arg>
<doc>Clicks a link identified by ``locator``.</doc>
<msg timestamp="20231114 20:10:33.189" level="INFO">Clicking link 'Register new user'.</msg>
<status status="PASS" starttime="20231114 20:10:33.189" endtime="20231114 20:10:33.232"/>
</kw>
<kw name="Register Page Should Be Open" library="resource">
<kw name="Title Should Be" library="SeleniumLibrary">
<arg>Register</arg>
<doc>Verifies that the current page title equals ``title``.</doc>
<msg timestamp="20231114 20:10:33.237" level="INFO">Page title is 'Register'.</msg>
<status status="PASS" starttime="20231114 20:10:33.233" endtime="20231114 20:10:33.237"/>
</kw>
<status status="PASS" starttime="20231114 20:10:33.233" endtime="20231114 20:10:33.237"/>
</kw>
<status status="PASS" starttime="20231114 20:10:33.179" endtime="20231114 20:10:33.237"/>
</test>
<kw name="Close Browser" library="SeleniumLibrary" type="TEARDOWN">
<doc>Closes the current browser.</doc>
<status status="PASS" starttime="20231114 20:10:33.238" endtime="20231114 20:10:33.293"/>
</kw>
<status status="PASS" starttime="20231114 20:10:32.313" endtime="20231114 20:10:33.293"/>
</suite>
<suite id="s1-s2" name="Login" source="/home/gemini/ohtu-palautus/viikko3/web-login/src/tests/login.robot">
<kw name="Open And Configure Browser" library="resource" type="SETUP">
<kw name="Evaluate" library="BuiltIn">
<var>${options}</var>
<arg>sys.modules['selenium.webdriver'].ChromeOptions()</arg>
<arg>sys</arg>
<doc>Evaluates the given expression in Python and returns the result.</doc>
<msg timestamp="20231114 20:10:33.297" level="INFO">${options} = &lt;selenium.webdriver.chrome.options.Options object at 0x7f81eda38490&gt;</msg>
<status status="PASS" starttime="20231114 20:10:33.296" endtime="20231114 20:10:33.297"/>
</kw>
<kw name="Call Method" library="BuiltIn">
<arg>${options}</arg>
<arg>add_argument</arg>
<arg>--no-sandbox</arg>
<doc>Calls the named method of the given object with the provided arguments.</doc>
<status status="PASS" starttime="20231114 20:10:33.297" endtime="20231114 20:10:33.297"/>
</kw>
<kw name="Call Method" library="BuiltIn">
<arg>${options}</arg>
<arg>add_argument</arg>
<arg>--headless</arg>
<doc>Calls the named method of the given object with the provided arguments.</doc>
<status status="PASS" starttime="20231114 20:10:33.297" endtime="20231114 20:10:33.297"/>
</kw>
<kw name="Open Browser" library="SeleniumLibrary">
<arg>browser=chrome</arg>
<arg>options=${options}</arg>
<doc>Opens a new browser instance to the optional ``url``.</doc>
<msg timestamp="20231114 20:10:33.298" level="INFO">Opening browser 'chrome' to base url 'None'.</msg>
<status status="PASS" starttime="20231114 20:10:33.297" endtime="20231114 20:10:33.919"/>
</kw>
<kw name="Set Selenium Speed" library="SeleniumLibrary">
<arg>${DELAY}</arg>
<doc>Sets the delay that is waited after each Selenium command.</doc>
<status status="PASS" starttime="20231114 20:10:33.920" endtime="20231114 20:10:33.920"/>
</kw>
<status status="PASS" starttime="20231114 20:10:33.296" endtime="20231114 20:10:33.920"/>
</kw>
<test id="s1-s2-t1" name="Login With Correct Credentials" line="8">
<kw name="Create User And Go To Login Page" type="SETUP">
<kw name="Create User" library="AppLibrary">
<arg>kalle</arg>
<arg>kalle123</arg>
<status status="PASS" starttime="20231114 20:10:33.921" endtime="20231114 20:10:33.926"/>
</kw>
<kw name="Go To Login Page" library="resource">
<kw name="Go To" library="SeleniumLibrary">
<arg>${LOGIN URL}</arg>
<doc>Navigates the current browser window to the provided ``url``.</doc>
<msg timestamp="20231114 20:10:33.927" level="INFO">Opening url 'http://localhost:5001/login'</msg>
<status status="PASS" starttime="20231114 20:10:33.927" endtime="20231114 20:10:33.999"/>
</kw>
<status status="PASS" starttime="20231114 20:10:33.926" endtime="20231114 20:10:33.999"/>
</kw>
<kw name="Login Page Should Be Open" library="resource">
<kw name="Title Should Be" library="SeleniumLibrary">
<arg>Login</arg>
<doc>Verifies that the current page title equals ``title``.</doc>
<msg timestamp="20231114 20:10:34.004" level="INFO">Page title is 'Login'.</msg>
<status status="PASS" starttime="20231114 20:10:33.999" endtime="20231114 20:10:34.004"/>
</kw>
<status status="PASS" starttime="20231114 20:10:33.999" endtime="20231114 20:10:34.004"/>
</kw>
<status status="PASS" starttime="20231114 20:10:33.920" endtime="20231114 20:10:34.004"/>
</kw>
<kw name="Set Username">
<arg>kalle</arg>
<kw name="Input Text" library="SeleniumLibrary">
<arg>username</arg>
<arg>${username}</arg>
<doc>Types the given ``text`` into the text field identified by ``locator``.</doc>
<msg timestamp="20231114 20:10:34.005" level="INFO">Typing text 'kalle' into text field 'username'.</msg>
<status status="PASS" starttime="20231114 20:10:34.005" endtime="20231114 20:10:34.080"/>
</kw>
<status status="PASS" starttime="20231114 20:10:34.004" endtime="20231114 20:10:34.080"/>
</kw>
<kw name="Set Password">
<arg>kalle123</arg>
<kw name="Input Password" library="SeleniumLibrary">
<arg>password</arg>
<arg>${password}</arg>
<doc>Types the given password into the text field identified by ``locator``.</doc>
<msg timestamp="20231114 20:10:34.081" level="INFO">Typing password into text field 'password'.</msg>
<msg timestamp="20231114 20:10:34.109" level="INFO">Temporally setting log level to: NONE</msg>
<msg timestamp="20231114 20:10:34.143" level="INFO">Log level changed from NONE to INFO.</msg>
<status status="PASS" starttime="20231114 20:10:34.081" endtime="20231114 20:10:34.144"/>
</kw>
<status status="PASS" starttime="20231114 20:10:34.081" endtime="20231114 20:10:34.144"/>
</kw>
<kw name="Submit Credentials">
<kw name="Click Button" library="SeleniumLibrary">
<arg>Login</arg>
<doc>Clicks the button identified by ``locator``.</doc>
<msg timestamp="20231114 20:10:34.145" level="INFO">Clicking button 'Login'.</msg>
<status status="PASS" starttime="20231114 20:10:34.144" endtime="20231114 20:10:34.200"/>
</kw>
<status status="PASS" starttime="20231114 20:10:34.144" endtime="20231114 20:10:34.200"/>
</kw>
<kw name="Login Should Succeed">
<kw name="Main Page Should Be Open" library="resource">
<kw name="Title Should Be" library="SeleniumLibrary">
<arg>Ohtu Application main page</arg>
<doc>Verifies that the current page title equals ``title``.</doc>
<msg timestamp="20231114 20:10:34.204" level="INFO">Page title is 'Ohtu Application main page'.</msg>
<status status="PASS" starttime="20231114 20:10:34.201" endtime="20231114 20:10:34.204"/>
</kw>
<status status="PASS" starttime="20231114 20:10:34.200" endtime="20231114 20:10:34.205"/>
</kw>
<status status="PASS" starttime="20231114 20:10:34.200" endtime="20231114 20:10:34.205"/>
</kw>
<status status="PASS" starttime="20231114 20:10:33.920" endtime="20231114 20:10:34.205"/>
</test>
<test id="s1-s2-t2" name="Login With Incorrect Password" line="14">
<kw name="Create User And Go To Login Page" type="SETUP">
<kw name="Create User" library="AppLibrary">
<arg>kalle</arg>
<arg>kalle123</arg>
<status status="PASS" starttime="20231114 20:10:34.206" endtime="20231114 20:10:34.212"/>
</kw>
<kw name="Go To Login Page" library="resource">
<kw name="Go To" library="SeleniumLibrary">
<arg>${LOGIN URL}</arg>
<doc>Navigates the current browser window to the provided ``url``.</doc>
<msg timestamp="20231114 20:10:34.213" level="INFO">Opening url 'http://localhost:5001/login'</msg>
<status status="PASS" starttime="20231114 20:10:34.212" endtime="20231114 20:10:34.221"/>
</kw>
<status status="PASS" starttime="20231114 20:10:34.212" endtime="20231114 20:10:34.221"/>
</kw>
<kw name="Login Page Should Be Open" library="resource">
<kw name="Title Should Be" library="SeleniumLibrary">
<arg>Login</arg>
<doc>Verifies that the current page title equals ``title``.</doc>
<msg timestamp="20231114 20:10:34.226" level="INFO">Page title is 'Login'.</msg>
<status status="PASS" starttime="20231114 20:10:34.222" endtime="20231114 20:10:34.226"/>
</kw>
<status status="PASS" starttime="20231114 20:10:34.222" endtime="20231114 20:10:34.226"/>
</kw>
<status status="PASS" starttime="20231114 20:10:34.206" endtime="20231114 20:10:34.226"/>
</kw>
<kw name="Set Username">
<arg>kalle</arg>
<kw name="Input Text" library="SeleniumLibrary">
<arg>username</arg>
<arg>${username}</arg>
<doc>Types the given ``text`` into the text field identified by ``locator``.</doc>
<msg timestamp="20231114 20:10:34.227" level="INFO">Typing text 'kalle' into text field 'username'.</msg>
<status status="PASS" starttime="20231114 20:10:34.226" endtime="20231114 20:10:34.285"/>
</kw>
<status status="PASS" starttime="20231114 20:10:34.226" endtime="20231114 20:10:34.285"/>
</kw>
<kw name="Set Password">
<arg>kalle456</arg>
<kw name="Input Password" library="SeleniumLibrary">
<arg>password</arg>
<arg>${password}</arg>
<doc>Types the given password into the text field identified by ``locator``.</doc>
<msg timestamp="20231114 20:10:34.286" level="INFO">Typing password into text field 'password'.</msg>
<msg timestamp="20231114 20:10:34.310" level="INFO">Temporally setting log level to: NONE</msg>
<msg timestamp="20231114 20:10:34.343" level="INFO">Log level changed from NONE to INFO.</msg>
<status status="PASS" starttime="20231114 20:10:34.285" endtime="20231114 20:10:34.343"/>
</kw>
<status status="PASS" starttime="20231114 20:10:34.285" endtime="20231114 20:10:34.343"/>
</kw>
<kw name="Submit Credentials">
<kw name="Click Button" library="SeleniumLibrary">
<arg>Login</arg>
<doc>Clicks the button identified by ``locator``.</doc>
<msg timestamp="20231114 20:10:34.344" level="INFO">Clicking button 'Login'.</msg>
<status status="PASS" starttime="20231114 20:10:34.344" endtime="20231114 20:10:34.390"/>
</kw>
<status status="PASS" starttime="20231114 20:10:34.344" endtime="20231114 20:10:34.390"/>
</kw>
<kw name="Login Should Fail With Message">
<arg>Invalid username or password</arg>
<kw name="Login Page Should Be Open" library="resource">
<kw name="Title Should Be" library="SeleniumLibrary">
<arg>Login</arg>
<doc>Verifies that the current page title equals ``title``.</doc>
<msg timestamp="20231114 20:10:34.395" level="INFO">Page title is 'Login'.</msg>
<status status="PASS" starttime="20231114 20:10:34.391" endtime="20231114 20:10:34.395"/>
</kw>
<status status="PASS" starttime="20231114 20:10:34.391" endtime="20231114 20:10:34.395"/>
</kw>
<kw name="Page Should Contain" library="SeleniumLibrary">
<arg>${message}</arg>
<doc>Verifies that current page contains ``text``.</doc>
<msg timestamp="20231114 20:10:34.406" level="INFO">Current page contains text 'Invalid username or password'.</msg>
<status status="PASS" starttime="20231114 20:10:34.395" endtime="20231114 20:10:34.406"/>
</kw>
<status status="PASS" starttime="20231114 20:10:34.390" endtime="20231114 20:10:34.406"/>
</kw>
<status status="PASS" starttime="20231114 20:10:34.205" endtime="20231114 20:10:34.406"/>
</test>
<test id="s1-s2-t3" name="Login With Nonexistent Username" line="20">
<kw name="Create User And Go To Login Page" type="SETUP">
<kw name="Create User" library="AppLibrary">
<arg>kalle</arg>
<arg>kalle123</arg>
<status status="PASS" starttime="20231114 20:10:34.407" endtime="20231114 20:10:34.413"/>
</kw>
<kw name="Go To Login Page" library="resource">
<kw name="Go To" library="SeleniumLibrary">
<arg>${LOGIN URL}</arg>
<doc>Navigates the current browser window to the provided ``url``.</doc>
<msg timestamp="20231114 20:10:34.414" level="INFO">Opening url 'http://localhost:5001/login'</msg>
<status status="PASS" starttime="20231114 20:10:34.414" endtime="20231114 20:10:34.423"/>
</kw>
<status status="PASS" starttime="20231114 20:10:34.413" endtime="20231114 20:10:34.423"/>
</kw>
<kw name="Login Page Should Be Open" library="resource">
<kw name="Title Should Be" library="SeleniumLibrary">
<arg>Login</arg>
<doc>Verifies that the current page title equals ``title``.</doc>
<msg timestamp="20231114 20:10:34.427" level="INFO">Page title is 'Login'.</msg>
<status status="PASS" starttime="20231114 20:10:34.424" endtime="20231114 20:10:34.428"/>
</kw>
<status status="PASS" starttime="20231114 20:10:34.423" endtime="20231114 20:10:34.428"/>
</kw>
<status status="PASS" starttime="20231114 20:10:34.407" endtime="20231114 20:10:34.428"/>
</kw>
<kw name="Set Username">
<arg>xxxx</arg>
<kw name="Input Text" library="SeleniumLibrary">
<arg>username</arg>
<arg>${username}</arg>
<doc>Types the given ``text`` into the text field identified by ``locator``.</doc>
<msg timestamp="20231114 20:10:34.429" level="INFO">Typing text 'xxxx' into text field 'username'.</msg>
<status status="PASS" starttime="20231114 20:10:34.428" endtime="20231114 20:10:34.485"/>
</kw>
<status status="PASS" starttime="20231114 20:10:34.428" endtime="20231114 20:10:34.485"/>
</kw>
<kw name="Set Password">
<arg>kalle456</arg>
<kw name="Input Password" library="SeleniumLibrary">
<arg>password</arg>
<arg>${password}</arg>
<doc>Types the given password into the text field identified by ``locator``.</doc>
<msg timestamp="20231114 20:10:34.486" level="INFO">Typing password into text field 'password'.</msg>
<msg timestamp="20231114 20:10:34.511" level="INFO">Temporally setting log level to: NONE</msg>
<msg timestamp="20231114 20:10:34.544" level="INFO">Log level changed from NONE to INFO.</msg>
<status status="PASS" starttime="20231114 20:10:34.486" endtime="20231114 20:10:34.544"/>
</kw>
<status status="PASS" starttime="20231114 20:10:34.485" endtime="20231114 20:10:34.544"/>
</kw>
<kw name="Submit Credentials">
<kw name="Click Button" library="SeleniumLibrary">
<arg>Login</arg>
<doc>Clicks the button identified by ``locator``.</doc>
<msg timestamp="20231114 20:10:34.545" level="INFO">Clicking button 'Login'.</msg>
<status status="PASS" starttime="20231114 20:10:34.545" endtime="20231114 20:10:34.592"/>
</kw>
<status status="PASS" starttime="20231114 20:10:34.545" endtime="20231114 20:10:34.592"/>
</kw>
<kw name="Login Should Fail With Message">
<arg>Invalid username or password</arg>
<kw name="Login Page Should Be Open" library="resource">
<kw name="Title Should Be" library="SeleniumLibrary">
<arg>Login</arg>
<doc>Verifies that the current page title equals ``title``.</doc>
<msg timestamp="20231114 20:10:34.597" level="INFO">Page title is 'Login'.</msg>
<status status="PASS" starttime="20231114 20:10:34.592" endtime="20231114 20:10:34.597"/>
</kw>
<status status="PASS" starttime="20231114 20:10:34.592" endtime="20231114 20:10:34.597"/>
</kw>
<kw name="Page Should Contain" library="SeleniumLibrary">
<arg>${message}</arg>
<doc>Verifies that current page contains ``text``.</doc>
<msg timestamp="20231114 20:10:34.605" level="INFO">Current page contains text 'Invalid username or password'.</msg>
<status status="PASS" starttime="20231114 20:10:34.597" endtime="20231114 20:10:34.605"/>
</kw>
<status status="PASS" starttime="20231114 20:10:34.592" endtime="20231114 20:10:34.605"/>
</kw>
<status status="PASS" starttime="20231114 20:10:34.407" endtime="20231114 20:10:34.606"/>
</test>
<kw name="Close Browser" library="SeleniumLibrary" type="TEARDOWN">
<doc>Closes the current browser.</doc>
<status status="PASS" starttime="20231114 20:10:34.606" endtime="20231114 20:10:34.712"/>
</kw>
<status status="PASS" starttime="20231114 20:10:33.294" endtime="20231114 20:10:34.712"/>
</suite>
<suite id="s1-s3" name="Register" source="/home/gemini/ohtu-palautus/viikko3/web-login/src/tests/register.robot">
<kw name="Open And Configure Browser" library="resource" type="SETUP">
<kw name="Evaluate" library="BuiltIn">
<var>${options}</var>
<arg>sys.modules['selenium.webdriver'].ChromeOptions()</arg>
<arg>sys</arg>
<doc>Evaluates the given expression in Python and returns the result.</doc>
<msg timestamp="20231114 20:10:34.716" level="INFO">${options} = &lt;selenium.webdriver.chrome.options.Options object at 0x7f81eda3bdc0&gt;</msg>
<status status="PASS" starttime="20231114 20:10:34.715" endtime="20231114 20:10:34.716"/>
</kw>
<kw name="Call Method" library="BuiltIn">
<arg>${options}</arg>
<arg>add_argument</arg>
<arg>--no-sandbox</arg>
<doc>Calls the named method of the given object with the provided arguments.</doc>
<status status="PASS" starttime="20231114 20:10:34.716" endtime="20231114 20:10:34.716"/>
</kw>
<kw name="Call Method" library="BuiltIn">
<arg>${options}</arg>
<arg>add_argument</arg>
<arg>--headless</arg>
<doc>Calls the named method of the given object with the provided arguments.</doc>
<status status="PASS" starttime="20231114 20:10:34.716" endtime="20231114 20:10:34.716"/>
</kw>
<kw name="Open Browser" library="SeleniumLibrary">
<arg>browser=chrome</arg>
<arg>options=${options}</arg>
<doc>Opens a new browser instance to the optional ``url``.</doc>
<msg timestamp="20231114 20:10:34.716" level="INFO">Opening browser 'chrome' to base url 'None'.</msg>
<status status="PASS" starttime="20231114 20:10:34.716" endtime="20231114 20:10:35.344"/>
</kw>
<kw name="Set Selenium Speed" library="SeleniumLibrary">
<arg>${DELAY}</arg>
<doc>Sets the delay that is waited after each Selenium command.</doc>
<status status="PASS" starttime="20231114 20:10:35.344" endtime="20231114 20:10:35.344"/>
</kw>
<status status="PASS" starttime="20231114 20:10:34.715" endtime="20231114 20:10:35.345"/>
</kw>
<test id="s1-s3-t1" name="Register With Valid Username And Password" line="8">
<kw name="Go To Main Page And Click Register" type="SETUP">
<kw name="Go To Main Page" library="resource">
<kw name="Go To" library="SeleniumLibrary">
<arg>${HOME URL}</arg>
<doc>Navigates the current browser window to the provided ``url``.</doc>
<msg timestamp="20231114 20:10:35.346" level="INFO">Opening url 'http://localhost:5001'</msg>
<status status="PASS" starttime="20231114 20:10:35.346" endtime="20231114 20:10:35.411"/>
</kw>
<status status="PASS" starttime="20231114 20:10:35.346" endtime="20231114 20:10:35.411"/>
</kw>
<kw name="Click Link" library="SeleniumLibrary">
<arg>Register new user</arg>
<doc>Clicks a link identified by ``locator``.</doc>
<msg timestamp="20231114 20:10:35.412" level="INFO">Clicking link 'Register new user'.</msg>
<status status="PASS" starttime="20231114 20:10:35.411" endtime="20231114 20:10:35.462"/>
</kw>
<status status="PASS" starttime="20231114 20:10:35.345" endtime="20231114 20:10:35.462"/>
</kw>
<kw name="Set Username">
<arg>testaaja</arg>
<kw name="Input Text" library="SeleniumLibrary">
<arg>username</arg>
<arg>${username}</arg>
<doc>Types the given ``text`` into the text field identified by ``locator``.</doc>
<msg timestamp="20231114 20:10:35.463" level="INFO">Typing text 'testaaja' into text field 'username'.</msg>
<status status="PASS" starttime="20231114 20:10:35.463" endtime="20231114 20:10:35.535"/>
</kw>
<status status="PASS" starttime="20231114 20:10:35.462" endtime="20231114 20:10:35.536"/>
</kw>
<kw name="Set Password">
<arg>testi123</arg>
<kw name="Input Password" library="SeleniumLibrary">
<arg>password</arg>
<arg>${password}</arg>
<doc>Types the given password into the text field identified by ``locator``.</doc>
<msg timestamp="20231114 20:10:35.537" level="INFO">Typing password into text field 'password'.</msg>
<msg timestamp="20231114 20:10:35.566" level="INFO">Temporally setting log level to: NONE</msg>
<msg timestamp="20231114 20:10:35.598" level="INFO">Log level changed from NONE to INFO.</msg>
<status status="PASS" starttime="20231114 20:10:35.536" endtime="20231114 20:10:35.598"/>
</kw>
<status status="PASS" starttime="20231114 20:10:35.536" endtime="20231114 20:10:35.598"/>
</kw>
<kw name="Set Password Confirmation">
<arg>testi123</arg>
<kw name="Input Password" library="SeleniumLibrary">
<arg>password_confirmation</arg>
<arg>${password}</arg>
<doc>Types the given password into the text field identified by ``locator``.</doc>
<msg timestamp="20231114 20:10:35.599" level="INFO">Typing password into text field 'password_confirmation'.</msg>
<msg timestamp="20231114 20:10:35.627" level="INFO">Temporally setting log level to: NONE</msg>
<msg timestamp="20231114 20:10:35.660" level="INFO">Log level changed from NONE to INFO.</msg>
<status status="PASS" starttime="20231114 20:10:35.599" endtime="20231114 20:10:35.660"/>
</kw>
<status status="PASS" starttime="20231114 20:10:35.599" endtime="20231114 20:10:35.660"/>
</kw>
<kw name="Submit Credentials">
<kw name="Click Button" library="SeleniumLibrary">
<arg>Register</arg>
<doc>Clicks the button identified by ``locator``.</doc>
<msg timestamp="20231114 20:10:35.661" level="INFO">Clicking button 'Register'.</msg>
<status status="PASS" starttime="20231114 20:10:35.661" endtime="20231114 20:10:35.713"/>
</kw>
<status status="PASS" starttime="20231114 20:10:35.660" endtime="20231114 20:10:35.713"/>
</kw>
<kw name="Register Should Succeed">
<kw name="Welcome Page Should Be Open" library="resource">
<kw name="Title Should Be" library="SeleniumLibrary">
<arg>Welcome to Ohtu Application!</arg>
<doc>Verifies that the current page title equals ``title``.</doc>
<msg timestamp="20231114 20:10:35.718" level="INFO">Page title is 'Welcome to Ohtu Application!'.</msg>
<status status="PASS" starttime="20231114 20:10:35.714" endtime="20231114 20:10:35.718"/>
</kw>
<status status="PASS" starttime="20231114 20:10:35.714" endtime="20231114 20:10:35.718"/>
</kw>
<status status="PASS" starttime="20231114 20:10:35.713" endtime="20231114 20:10:35.718"/>
</kw>
<status status="PASS" starttime="20231114 20:10:35.345" endtime="20231114 20:10:35.718"/>
</test>
<test id="s1-s3-t2" name="Register With Too Short Username And Valid Password" line="15">
<kw name="Go To Main Page And Click Register" type="SETUP">
<kw name="Go To Main Page" library="resource">
<kw name="Go To" library="SeleniumLibrary">
<arg>${HOME URL}</arg>
<doc>Navigates the current browser window to the provided ``url``.</doc>
<msg timestamp="20231114 20:10:35.719" level="INFO">Opening url 'http://localhost:5001'</msg>
<status status="PASS" starttime="20231114 20:10:35.719" endtime="20231114 20:10:35.728"/>
</kw>
<status status="PASS" starttime="20231114 20:10:35.719" endtime="20231114 20:10:35.728"/>
</kw>
<kw name="Click Link" library="SeleniumLibrary">
<arg>Register new user</arg>
<doc>Clicks a link identified by ``locator``.</doc>
<msg timestamp="20231114 20:10:35.729" level="INFO">Clicking link 'Register new user'.</msg>
<status status="PASS" starttime="20231114 20:10:35.728" endtime="20231114 20:10:35.767"/>
</kw>
<status status="PASS" starttime="20231114 20:10:35.719" endtime="20231114 20:10:35.767"/>
</kw>
<kw name="Set Username">
<arg>k</arg>
<kw name="Input Text" library="SeleniumLibrary">
<arg>username</arg>
<arg>${username}</arg>
<doc>Types the given ``text`` into the text field identified by ``locator``.</doc>
<msg timestamp="20231114 20:10:35.768" level="INFO">Typing text 'k' into text field 'username'.</msg>
<status status="PASS" starttime="20231114 20:10:35.768" endtime="20231114 20:10:35.824"/>
</kw>
<status status="PASS" starttime="20231114 20:10:35.767" endtime="20231114 20:10:35.824"/>
</kw>
<kw name="Set Password">
<arg>kalle123</arg>
<kw name="Input Password" library="SeleniumLibrary">
<arg>password</arg>
<arg>${password}</arg>
<doc>Types the given password into the text field identified by ``locator``.</doc>
<msg timestamp="20231114 20:10:35.825" level="INFO">Typing password into text field 'password'.</msg>
<msg timestamp="20231114 20:10:35.849" level="INFO">Temporally setting log level to: NONE</msg>
<msg timestamp="20231114 20:10:35.881" level="INFO">Log level changed from NONE to INFO.</msg>
<status status="PASS" starttime="20231114 20:10:35.824" endtime="20231114 20:10:35.882"/>
</kw>
<status status="PASS" starttime="20231114 20:10:35.824" endtime="20231114 20:10:35.882"/>
</kw>
<kw name="Set Password Confirmation">
<arg>kalle123</arg>
<kw name="Input Password" library="SeleniumLibrary">
<arg>password_confirmation</arg>
<arg>${password}</arg>
<doc>Types the given password into the text field identified by ``locator``.</doc>
<msg timestamp="20231114 20:10:35.883" level="INFO">Typing password into text field 'password_confirmation'.</msg>
<msg timestamp="20231114 20:10:35.907" level="INFO">Temporally setting log level to: NONE</msg>
<msg timestamp="20231114 20:10:35.939" level="INFO">Log level changed from NONE to INFO.</msg>
<status status="PASS" starttime="20231114 20:10:35.882" endtime="20231114 20:10:35.940"/>
</kw>
<status status="PASS" starttime="20231114 20:10:35.882" endtime="20231114 20:10:35.940"/>
</kw>
<kw name="Submit Credentials">
<kw name="Click Button" library="SeleniumLibrary">
<arg>Register</arg>
<doc>Clicks the button identified by ``locator``.</doc>
<msg timestamp="20231114 20:10:35.941" level="INFO">Clicking button 'Register'.</msg>
<status status="PASS" starttime="20231114 20:10:35.940" endtime="20231114 20:10:35.986"/>
</kw>
<status status="PASS" starttime="20231114 20:10:35.940" endtime="20231114 20:10:35.986"/>
</kw>
<kw name="Register Should Fail With Message">
<arg>Username is too short</arg>
<kw name="Register Page Should Be Open" library="resource">
<kw name="Title Should Be" library="SeleniumLibrary">
<arg>Register</arg>
<doc>Verifies that the current page title equals ``title``.</doc>
<msg timestamp="20231114 20:10:36.003" level="INFO">Page title is 'Register'.</msg>
<status status="PASS" starttime="20231114 20:10:35.986" endtime="20231114 20:10:36.003"/>
</kw>
<status status="PASS" starttime="20231114 20:10:35.986" endtime="20231114 20:10:36.004"/>
</kw>
<kw name="Page Should Contain" library="SeleniumLibrary">
<arg>${message}</arg>
<doc>Verifies that current page contains ``text``.</doc>
<msg timestamp="20231114 20:10:36.014" level="INFO">Current page contains text 'Username is too short'.</msg>
<status status="PASS" starttime="20231114 20:10:36.004" endtime="20231114 20:10:36.014"/>
</kw>
<status status="PASS" starttime="20231114 20:10:35.986" endtime="20231114 20:10:36.014"/>
</kw>
<status status="PASS" starttime="20231114 20:10:35.718" endtime="20231114 20:10:36.015"/>
</test>
<test id="s1-s3-t3" name="Register With Valid Username And Invalid Password" line="22">
<kw name="Go To Main Page And Click Register" type="SETUP">
<kw name="Go To Main Page" library="resource">
<kw name="Go To" library="SeleniumLibrary">
<arg>${HOME URL}</arg>
<doc>Navigates the current browser window to the provided ``url``.</doc>
<msg timestamp="20231114 20:10:36.016" level="INFO">Opening url 'http://localhost:5001'</msg>
<status status="PASS" starttime="20231114 20:10:36.016" endtime="20231114 20:10:36.025"/>
</kw>
<status status="PASS" starttime="20231114 20:10:36.016" endtime="20231114 20:10:36.025"/>
</kw>
<kw name="Click Link" library="SeleniumLibrary">
<arg>Register new user</arg>
<doc>Clicks a link identified by ``locator``.</doc>
<msg timestamp="20231114 20:10:36.025" level="INFO">Clicking link 'Register new user'.</msg>
<status status="PASS" starttime="20231114 20:10:36.025" endtime="20231114 20:10:36.063"/>
</kw>
<status status="PASS" starttime="20231114 20:10:36.015" endtime="20231114 20:10:36.063"/>
</kw>
<kw name="Set Username">
<arg>testaaja</arg>
<kw name="Input Text" library="SeleniumLibrary">
<arg>username</arg>
<arg>${username}</arg>
<doc>Types the given ``text`` into the text field identified by ``locator``.</doc>
<msg timestamp="20231114 20:10:36.064" level="INFO">Typing text 'testaaja' into text field 'username'.</msg>
<status status="PASS" starttime="20231114 20:10:36.064" endtime="20231114 20:10:36.122"/>
</kw>
<status status="PASS" starttime="20231114 20:10:36.063" endtime="20231114 20:10:36.122"/>
</kw>
<kw name="Set Password">
<arg>kirjaimet</arg>
<kw name="Input Password" library="SeleniumLibrary">
<arg>password</arg>
<arg>${password}</arg>
<doc>Types the given password into the text field identified by ``locator``.</doc>
<msg timestamp="20231114 20:10:36.123" level="INFO">Typing password into text field 'password'.</msg>
<msg timestamp="20231114 20:10:36.148" level="INFO">Temporally setting log level to: NONE</msg>
<msg timestamp="20231114 20:10:36.180" level="INFO">Log level changed from NONE to INFO.</msg>
<status status="PASS" starttime="20231114 20:10:36.122" endtime="20231114 20:10:36.180"/>
</kw>
<status status="PASS" starttime="20231114 20:10:36.122" endtime="20231114 20:10:36.180"/>
</kw>
<kw name="Set Password Confirmation">
<arg>kirjaimet</arg>
<kw name="Input Password" library="SeleniumLibrary">
<arg>password_confirmation</arg>
<arg>${password}</arg>
<doc>Types the given password into the text field identified by ``locator``.</doc>
<msg timestamp="20231114 20:10:36.181" level="INFO">Typing password into text field 'password_confirmation'.</msg>
<msg timestamp="20231114 20:10:36.207" level="INFO">Temporally setting log level to: NONE</msg>
<msg timestamp="20231114 20:10:36.242" level="INFO">Log level changed from NONE to INFO.</msg>
<status status="PASS" starttime="20231114 20:10:36.181" endtime="20231114 20:10:36.242"/>
</kw>
<status status="PASS" starttime="20231114 20:10:36.181" endtime="20231114 20:10:36.242"/>
</kw>
<kw name="Submit Credentials">
<kw name="Click Button" library="SeleniumLibrary">
<arg>Register</arg>
<doc>Clicks the button identified by ``locator``.</doc>
<msg timestamp="20231114 20:10:36.243" level="INFO">Clicking button 'Register'.</msg>
<status status="PASS" starttime="20231114 20:10:36.242" endtime="20231114 20:10:36.289"/>
</kw>
<status status="PASS" starttime="20231114 20:10:36.242" endtime="20231114 20:10:36.290"/>
</kw>
<kw name="Register Should Fail With Message">
<arg>Password is invalid</arg>
<kw name="Register Page Should Be Open" library="resource">
<kw name="Title Should Be" library="SeleniumLibrary">
<arg>Register</arg>
<doc>Verifies that the current page title equals ``title``.</doc>
<msg timestamp="20231114 20:10:36.294" level="INFO">Page title is 'Register'.</msg>
<status status="PASS" starttime="20231114 20:10:36.290" endtime="20231114 20:10:36.294"/>
</kw>
<status status="PASS" starttime="20231114 20:10:36.290" endtime="20231114 20:10:36.294"/>
</kw>
<kw name="Page Should Contain" library="SeleniumLibrary">
<arg>${message}</arg>
<doc>Verifies that current page contains ``text``.</doc>
<msg timestamp="20231114 20:10:36.305" level="INFO">Current page contains text 'Password is invalid'.</msg>
<status status="PASS" starttime="20231114 20:10:36.294" endtime="20231114 20:10:36.305"/>
</kw>
<status status="PASS" starttime="20231114 20:10:36.290" endtime="20231114 20:10:36.305"/>
</kw>
<status status="PASS" starttime="20231114 20:10:36.015" endtime="20231114 20:10:36.305"/>
</test>
<test id="s1-s3-t4" name="Register With Nonmatching Password And Password Confirmation" line="29">
<kw name="Go To Main Page And Click Register" type="SETUP">
<kw name="Go To Main Page" library="resource">
<kw name="Go To" library="SeleniumLibrary">
<arg>${HOME URL}</arg>
<doc>Navigates the current browser window to the provided ``url``.</doc>
<msg timestamp="20231114 20:10:36.307" level="INFO">Opening url 'http://localhost:5001'</msg>
<status status="PASS" starttime="20231114 20:10:36.307" endtime="20231114 20:10:36.316"/>
</kw>
<status status="PASS" starttime="20231114 20:10:36.306" endtime="20231114 20:10:36.316"/>
</kw>
<kw name="Click Link" library="SeleniumLibrary">
<arg>Register new user</arg>
<doc>Clicks a link identified by ``locator``.</doc>
<msg timestamp="20231114 20:10:36.316" level="INFO">Clicking link 'Register new user'.</msg>
<status status="PASS" starttime="20231114 20:10:36.316" endtime="20231114 20:10:36.354"/>
</kw>
<status status="PASS" starttime="20231114 20:10:36.306" endtime="20231114 20:10:36.354"/>
</kw>
<kw name="Set Username">
<arg>testaaja</arg>
<kw name="Input Text" library="SeleniumLibrary">
<arg>username</arg>
<arg>${username}</arg>
<doc>Types the given ``text`` into the text field identified by ``locator``.</doc>
<msg timestamp="20231114 20:10:36.355" level="INFO">Typing text 'testaaja' into text field 'username'.</msg>
<status status="PASS" starttime="20231114 20:10:36.355" endtime="20231114 20:10:36.414"/>
</kw>
<status status="PASS" starttime="20231114 20:10:36.355" endtime="20231114 20:10:36.414"/>
</kw>
<kw name="Set Password">
<arg>salasana123</arg>
<kw name="Input Password" library="SeleniumLibrary">
<arg>password</arg>
<arg>${password}</arg>
<doc>Types the given password into the text field identified by ``locator``.</doc>
<msg timestamp="20231114 20:10:36.415" level="INFO">Typing password into text field 'password'.</msg>
<msg timestamp="20231114 20:10:36.440" level="INFO">Temporally setting log level to: NONE</msg>
<msg timestamp="20231114 20:10:36.473" level="INFO">Log level changed from NONE to INFO.</msg>
<status status="PASS" starttime="20231114 20:10:36.415" endtime="20231114 20:10:36.474"/>
</kw>
<status status="PASS" starttime="20231114 20:10:36.414" endtime="20231114 20:10:36.474"/>
</kw>
<kw name="Set Password Confirmation">
<arg>salasana</arg>
<kw name="Input Password" library="SeleniumLibrary">
<arg>password_confirmation</arg>
<arg>${password}</arg>
<doc>Types the given password into the text field identified by ``locator``.</doc>
<msg timestamp="20231114 20:10:36.475" level="INFO">Typing password into text field 'password_confirmation'.</msg>
<msg timestamp="20231114 20:10:36.499" level="INFO">Temporally setting log level to: NONE</msg>
<msg timestamp="20231114 20:10:36.531" level="INFO">Log level changed from NONE to INFO.</msg>
<status status="PASS" starttime="20231114 20:10:36.474" endtime="20231114 20:10:36.531"/>
</kw>
<status status="PASS" starttime="20231114 20:10:36.474" endtime="20231114 20:10:36.531"/>
</kw>
<kw name="Submit Credentials">
<kw name="Click Button" library="SeleniumLibrary">
<arg>Register</arg>
<doc>Clicks the button identified by ``locator``.</doc>
<msg timestamp="20231114 20:10:36.533" level="INFO">Clicking button 'Register'.</msg>
<status status="PASS" starttime="20231114 20:10:36.532" endtime="20231114 20:10:36.577"/>
</kw>
<status status="PASS" starttime="20231114 20:10:36.532" endtime="20231114 20:10:36.577"/>
</kw>
<kw name="Register Should Fail With Message">
<arg>Passwords do not match</arg>
<kw name="Register Page Should Be Open" library="resource">
<kw name="Title Should Be" library="SeleniumLibrary">
<arg>Register</arg>
<doc>Verifies that the current page title equals ``title``.</doc>
<msg timestamp="20231114 20:10:36.582" level="INFO">Page title is 'Register'.</msg>
<status status="PASS" starttime="20231114 20:10:36.578" endtime="20231114 20:10:36.582"/>
</kw>
<status status="PASS" starttime="20231114 20:10:36.578" endtime="20231114 20:10:36.582"/>
</kw>
<kw name="Page Should Contain" library="SeleniumLibrary">
<arg>${message}</arg>
<doc>Verifies that current page contains ``text``.</doc>
<msg timestamp="20231114 20:10:36.593" level="INFO">Current page contains text 'Passwords do not match'.</msg>
<status status="PASS" starttime="20231114 20:10:36.582" endtime="20231114 20:10:36.593"/>
</kw>
<status status="PASS" starttime="20231114 20:10:36.577" endtime="20231114 20:10:36.593"/>
</kw>
<status status="PASS" starttime="20231114 20:10:36.306" endtime="20231114 20:10:36.593"/>
</test>
<kw name="Close Browser" library="SeleniumLibrary" type="TEARDOWN">
<doc>Closes the current browser.</doc>
<status status="PASS" starttime="20231114 20:10:36.594" endtime="20231114 20:10:36.699"/>
</kw>
<status status="PASS" starttime="20231114 20:10:34.713" endtime="20231114 20:10:36.699"/>
</suite>
<status status="PASS" starttime="20231114 20:10:32.299" endtime="20231114 20:10:36.700"/>
</suite>
<statistics>
<total>
<stat pass="9" fail="0" skip="0">All Tests</stat>
</total>
<tag>
</tag>
<suite>
<stat pass="9" fail="0" skip="0" id="s1" name="Tests">Tests</stat>
<stat pass="2" fail="0" skip="0" id="s1-s1" name="Home">Tests.Home</stat>
<stat pass="3" fail="0" skip="0" id="s1-s2" name="Login">Tests.Login</stat>
<stat pass="4" fail="0" skip="0" id="s1-s3" name="Register">Tests.Register</stat>
</suite>
</statistics>
<errors>
</errors>
</robot>
